<?xml version="1.0" encoding="UTF-8"?>
<Site BuildName="Win32-MSBuild"
	BuildStamp="20251114-1944-Experimental"
	Name="Hunters_Laptop"
	Generator="ctest-4.1.1"
	CompilerName="C:/Program Files (x86)/Microsoft Visual Studio/2022/BuildTools/VC/Tools/MSVC/14.44.35207/bin/Hostx86/x64/cl.exe"
	CompilerVersion="19.44.35217.0"
	OSName="Windows"
	Hostname="Hunters_Laptop"
	OSRelease=" Personal"
	OSVersion=" (Build 26100)"
	OSPlatform="AMD64"
	Is64Bits="1"
	VendorString="GenuineIntel"
	VendorID="Intel Corporation"
	FamilyID="6"
	ModelID="10"
	ModelName=""
	ProcessorCacheSize="-1"
	NumberOfLogicalCPU="12"
	NumberOfPhysicalCPU="10"
	TotalVirtualMemory="21709"
	TotalPhysicalMemory="7885"
	LogicalProcessorsPerPhysical="1"
	ProcessorClockFrequency="1100"
	>
	<Testing>
		<StartDateTime>Nov 14 11:44 Pacific Standard Time</StartDateTime>
		<StartTestTime>1763149465</StartTestTime>
		<TestList/>
		<EndDateTime>Nov 14 11:44 Pacific Standard Time</EndDateTime>
		<EndTestTime>1763149465</EndTestTime>
		<ElapsedMinutes>0</ElapsedMinutes>
	</Testing>
</Site>
