<?xml version="1.0" encoding="UTF-8"?>
<Site BuildName="Win32-MSBuild"
	BuildStamp="20251114-1945-Experimental"
	Name="Hunters_Laptop"
	Generator="ctest-4.1.1"
	CompilerName="C:/Program Files (x86)/Microsoft Visual Studio/2022/BuildTools/VC/Tools/MSVC/14.44.35207/bin/Hostx86/x64/cl.exe"
	CompilerVersion="19.44.35217.0"
	OSName="Windows"
	Hostname="Hunters-Tower"
	OSRelease=" Personal"
	OSVersion=" (Build 26100)"
	OSPlatform="AMD64"
	Is64Bits="1"
	VendorString="GenuineIntel"
	VendorID="Intel Corporation"
	FamilyID="6"
	ModelID="7"
	ModelName=""
	ProcessorCacheSize="-1"
	NumberOfLogicalCPU="16"
	NumberOfPhysicalCPU="8"
	TotalVirtualMemory="37211"
	TotalPhysicalMemory="32603"
	LogicalProcessorsPerPhysical="2"
	ProcessorClockFrequency="3600"
	>
	<Testing>
		<StartDateTime>Nov 16 16:54 Pacific Standard Time</StartDateTime>
		<StartTestTime>1763340887</StartTestTime>
		<TestList/>
		<EndDateTime>Nov 16 16:54 Pacific Standard Time</EndDateTime>
		<EndTestTime>1763340887</EndTestTime>
		<ElapsedMinutes>0</ElapsedMinutes>
	</Testing>
</Site>
